Performing C SOURCE FILE Test CMAKE_HAVE_LIBC_PTHREAD failed with the following output:
Change Dir: /mnt/d/PP/Final_Project/Final_Project_Pthread_Final/CMakeFiles/CMakeTmp

Run Build Command(s):/usr/bin/make cmTC_e361d/fast && /usr/bin/make -f CMakeFiles/cmTC_e361d.dir/build.make CMakeFiles/cmTC_e361d.dir/build
make[1]: Entering directory '/mnt/d/PP/Final_Project/Final_Project_Pthread_Final/CMakeFiles/CMakeTmp'
Building C object CMakeFiles/cmTC_e361d.dir/src.c.o
/usr/bin/cc   -O3 -march=native -DCMAKE_HAVE_LIBC_PTHREAD   -o CMakeFiles/cmTC_e361d.dir/src.c.o   -c /mnt/d/PP/Final_Project/Final_Project_Pthread_Final/CMakeFiles/CMakeTmp/src.c
Linking C executable cmTC_e361d
/usr/bin/cmake -E cmake_link_script CMakeFiles/cmTC_e361d.dir/link.txt --verbose=1
/usr/bin/cc  -O3 -march=native -DCMAKE_HAVE_LIBC_PTHREAD    -rdynamic CMakeFiles/cmTC_e361d.dir/src.c.o  -o cmTC_e361d 
/usr/bin/ld: CMakeFiles/cmTC_e361d.dir/src.c.o: in function `main':
src.c:(.text.startup+0x29): undefined reference to `pthread_create'
/usr/bin/ld: src.c:(.text.startup+0x32): undefined reference to `pthread_detach'
/usr/bin/ld: src.c:(.text.startup+0x3d): undefined reference to `pthread_join'
collect2: error: ld returned 1 exit status
make[1]: *** [CMakeFiles/cmTC_e361d.dir/build.make:87: cmTC_e361d] Error 1
make[1]: Leaving directory '/mnt/d/PP/Final_Project/Final_Project_Pthread_Final/CMakeFiles/CMakeTmp'
make: *** [Makefile:121: cmTC_e361d/fast] Error 2


Source file was:
#include <pthread.h>

void* test_func(void* data)
{
  return data;
}

int main(void)
{
  pthread_t thread;
  pthread_create(&thread, NULL, test_func, NULL);
  pthread_detach(thread);
  pthread_join(thread, NULL);
  pthread_atfork(NULL, NULL, NULL);
  pthread_exit(NULL);

  return 0;
}

